This is pdfTeX, Version 3.141592653-2.6-1.40.24 (TeX Live 2022/Debian) (preloaded format=pdflatex 2023.6.1)  2 JUN 2023 12:22
entering extended mode
 restricted \write18 enabled.
 file:line:error style messages enabled.
 %&-line parsing enabled.
**/home/kirill/git/csel-workspace/Rapport/rapport2/rapport.tex
(/home/kirill/git/csel-workspace/Rapport/rapport2/rapport.tex
LaTeX2e <2022-11-01> patch level 1
L3 programming layer <2023-01-16> (./CSUniSchoolLabReport.cls
Document Class: CSUniSchoolLabReport 2022/03/21 Creodocs University/School Laboratory Report Class v4.0
(/usr/share/texlive/texmf-dist/tex/latex/base/article.cls
Document Class: article 2022/07/02 v1.4n Standard LaTeX document class
(/usr/share/texlive/texmf-dist/tex/latex/base/size10.clo
File: size10.clo 2022/07/02 v1.4n Standard LaTeX file (size option)
)
\c@part=\count185
\c@section=\count186
\c@subsection=\count187
\c@subsubsection=\count188
\c@paragraph=\count189
\c@subparagraph=\count190
\c@figure=\count191
\c@table=\count192
\abovecaptionskip=\skip48
\belowcaptionskip=\skip49
\bibindent=\dimen140
) (/usr/share/texlive/texmf-dist/tex/latex/enumitem/enumitem.sty
Package: enumitem 2019/06/20 v3.9 Customized lists
\enitkv@toks@=\toks16
\labelindent=\skip50
\enit@outerparindent=\dimen141
\enit@toks=\toks17
\enit@inbox=\box51
\enit@count@id=\count193
\enitdp@description=\count194
) (/usr/share/texlive/texmf-dist/tex/latex/graphics/graphicx.sty
Package: graphicx 2021/09/16 v1.2d Enhanced LaTeX Graphics (DPC,SPQR)
 (/usr/share/texlive/texmf-dist/tex/latex/graphics/keyval.sty
Package: keyval 2022/05/29 v1.15 key=value parser (DPC)
\KV@toks@=\toks18
) (/usr/share/texlive/texmf-dist/tex/latex/graphics/graphics.sty
Package: graphics 2022/03/10 v1.4e Standard LaTeX Graphics (DPC,SPQR)
 (/usr/share/texlive/texmf-dist/tex/latex/graphics/trig.sty
Package: trig 2021/08/11 v1.11 sin cos tan (DPC)
) (/usr/share/texlive/texmf-dist/tex/latex/graphics-cfg/graphics.cfg
File: graphics.cfg 2016/06/04 v1.11 sample graphics configuration
)
Package graphics Info: Driver file: pdftex.def on input line 107.
 (/usr/share/texlive/texmf-dist/tex/latex/graphics-def/pdftex.def
File: pdftex.def 2022/09/22 v1.2b Graphics/color driver for pdftex
))
\Gin@req@height=\dimen142
\Gin@req@width=\dimen143
) (/usr/share/texlive/texmf-dist/tex/latex/float/float.sty
Package: float 2001/11/08 v1.3d Float enhancements (AL)
\c@float@type=\count195
\float@exts=\toks19
\float@box=\box52
\@float@everytoks=\toks20
\@floatcapt=\box53
) (/usr/share/texlive/texmf-dist/tex/latex/mhchem/mhchem.sty
Package: mhchem 2021/12/31 v4.09 for typesetting chemical formulae
 (/usr/share/texlive/texmf-dist/tex/latex/l3kernel/expl3.sty
Package: expl3 2023-01-16 L3 programming layer (loader) 
 (/usr/share/texlive/texmf-dist/tex/latex/l3backend/l3backend-pdftex.def
File: l3backend-pdftex.def 2023-01-16 L3 backend support: PDF output (pdfTeX)
\l__color_backend_stack_int=\count196
\l__pdf_internal_box=\box54
)) (/usr/share/texlive/texmf-dist/tex/latex/l3packages/l3keys2e/l3keys2e.sty
Package: l3keys2e 2023-01-16 LaTeX2e option processing using LaTeX3 keys
) (/usr/share/texlive/texmf-dist/tex/latex/tools/calc.sty
Package: calc 2017/05/25 v4.3 Infix arithmetic (KKT,FJ)
\calc@Acount=\count197
\calc@Bcount=\count198
\calc@Adimen=\dimen144
\calc@Bdimen=\dimen145
\calc@Askip=\skip51
\calc@Bskip=\skip52
LaTeX Info: Redefining \setlength on input line 80.
LaTeX Info: Redefining \addtolength on input line 81.
\calc@Ccount=\count199
\calc@Cskip=\skip53
) (/usr/share/texlive/texmf-dist/tex/latex/amsmath/amsmath.sty
Package: amsmath 2022/04/08 v2.17n AMS math features
\@mathmargin=\skip54

For additional information on amsmath, use the `?' option.
(/usr/share/texlive/texmf-dist/tex/latex/amsmath/amstext.sty
Package: amstext 2021/08/26 v2.01 AMS text
 (/usr/share/texlive/texmf-dist/tex/latex/amsmath/amsgen.sty
File: amsgen.sty 1999/11/30 v2.0 generic functions
\@emptytoks=\toks21
\ex@=\dimen146
)) (/usr/share/texlive/texmf-dist/tex/latex/amsmath/amsbsy.sty
Package: amsbsy 1999/11/29 v1.2d Bold Symbols
\pmbraise@=\dimen147
) (/usr/share/texlive/texmf-dist/tex/latex/amsmath/amsopn.sty
Package: amsopn 2022/04/08 v2.04 operator names
)
\inf@bad=\count266
LaTeX Info: Redefining \frac on input line 234.
\uproot@=\count267
\leftroot@=\count268
LaTeX Info: Redefining \overline on input line 399.
LaTeX Info: Redefining \colon on input line 410.
\classnum@=\count269
\DOTSCASE@=\count270
LaTeX Info: Redefining \ldots on input line 496.
LaTeX Info: Redefining \dots on input line 499.
LaTeX Info: Redefining \cdots on input line 620.
\Mathstrutbox@=\box55
\strutbox@=\box56
LaTeX Info: Redefining \big on input line 722.
LaTeX Info: Redefining \Big on input line 723.
LaTeX Info: Redefining \bigg on input line 724.
LaTeX Info: Redefining \Bigg on input line 725.
\big@size=\dimen148
LaTeX Font Info:    Redeclaring font encoding OML on input line 743.
LaTeX Font Info:    Redeclaring font encoding OMS on input line 744.
\macc@depth=\count271
LaTeX Info: Redefining \bmod on input line 905.
LaTeX Info: Redefining \pmod on input line 910.
LaTeX Info: Redefining \smash on input line 940.
LaTeX Info: Redefining \relbar on input line 970.
LaTeX Info: Redefining \Relbar on input line 971.
\c@MaxMatrixCols=\count272
\dotsspace@=\muskip16
\c@parentequation=\count273
\dspbrk@lvl=\count274
\tag@help=\toks22
\row@=\count275
\column@=\count276
\maxfields@=\count277
\andhelp@=\toks23
\eqnshift@=\dimen149
\alignsep@=\dimen150
\tagshift@=\dimen151
\tagwidth@=\dimen152
\totwidth@=\dimen153
\lineht@=\dimen154
\@envbody=\toks24
\multlinegap=\skip55
\multlinetaggap=\skip56
\mathdisplay@stack=\toks25
LaTeX Info: Redefining \[ on input line 2953.
LaTeX Info: Redefining \] on input line 2954.
) (/usr/share/texlive/texmf-dist/tex/latex/chemgreek/chemgreek.sty (/usr/share/texlive/texmf-dist/tex/latex/l3packages/xparse/xparse.sty
Package: xparse 2023-01-16 L3 Experimental document command parser
)
Package: chemgreek 2020/01/16 v1.1a interface for upright Greek letters for use in chemistry (CN)
\l__chemgreek_tmpa_int=\count278
\g__chemgreek_tmpa_int=\count279
)
\l__mhchem_ce_distanceFromLastComma_int=\count280
\__mhchem_arrow_extPgfLength_skip=\skip57
\mhchem@minispace@tmp=\skip58
\mhchem@minibackspace@tmp=\skip59
\mhchem@bondwidth=\skip60
\mhchem@bondheight=\skip61
\mhchem@smallbondwidth@tmpA=\skip62
\mhchem@smallbondwidth@tmpB=\skip63
\mhchem@smallbondwidth=\skip64
\mhchem@bondtmp@minussidebearingleft=\skip65
\mhchem@bondtmp@minussidebearingright=\skip66
\l__mhchem_option_version_int=\count281
\mhchem@option@minusmathsidebearingleft=\dimen155
\mhchem@option@minusmathsidebearingright=\dimen156
\mhchem@option@minustextsidebearingleft=\dimen157
\mhchem@option@minustextsidebearingright=\dimen158


Package mhchem Warning: You did not specify a 'version' option for the mhchem
(mhchem)                package. Please write \usepackage[version=4]{mhchem}
(mhchem)                in your preamble (or any lower number for
(mhchem)                compatibility mode), because you might get slightly
(mhchem)                different output with the same input in future versions.

) (/usr/share/texlive/texmf-dist/tex/latex/siunitx/siunitx.sty
Package: siunitx 2023-01-03 v3.2.0 A comprehensive (SI) units package
\l__siunitx_angle_tmp_dim=\dimen159
\l__siunitx_angle_marker_box=\box57
\l__siunitx_angle_unit_box=\box58
\l__siunitx_compound_count_int=\count282
 (/usr/share/texlive/texmf-dist/tex/latex/translations/translations.sty
Package: translations 2022/02/05 v1.12 internationalization of LaTeX2e packages (CN)
 (/usr/share/texlive/texmf-dist/tex/latex/etoolbox/etoolbox.sty
Package: etoolbox 2020/10/05 v2.5k e-TeX tools for LaTeX (JAW)
\etb@tempcnta=\count283
) (/usr/share/texlive/texmf-dist/tex/generic/pdftexcmds/pdftexcmds.sty
Package: pdftexcmds 2020-06-27 v0.33 Utility functions of pdfTeX for LuaTeX (HO)
 (/usr/share/texlive/texmf-dist/tex/generic/infwarerr/infwarerr.sty
Package: infwarerr 2019/12/03 v1.5 Providing info/warning/error messages (HO)
) (/usr/share/texlive/texmf-dist/tex/generic/iftex/iftex.sty
Package: iftex 2022/02/03 v1.0f TeX engine tests
) (/usr/share/texlive/texmf-dist/tex/generic/ltxcmds/ltxcmds.sty
Package: ltxcmds 2020-05-10 v1.25 LaTeX kernel commands for general use (HO)
)
Package pdftexcmds Info: \pdf@primitive is available.
Package pdftexcmds Info: \pdf@ifprimitive is available.
Package pdftexcmds Info: \pdfdraftmode found.
))
\l__siunitx_number_exponent_fixed_int=\count284
\l__siunitx_number_min_decimal_int=\count285
\l__siunitx_number_min_integer_int=\count286
\l__siunitx_number_round_precision_int=\count287
\l__siunitx_number_lower_threshold_int=\count288
\l__siunitx_number_upper_threshold_int=\count289
\l__siunitx_number_group_first_int=\count290
\l__siunitx_number_group_size_int=\count291
\l__siunitx_number_group_minimum_int=\count292
\l__siunitx_table_tmp_box=\box59
\l__siunitx_table_tmp_dim=\dimen160
\l__siunitx_table_column_width_dim=\dimen161
\l__siunitx_table_integer_box=\box60
\l__siunitx_table_decimal_box=\box61
\l__siunitx_table_uncert_box=\box62
\l__siunitx_table_before_box=\box63
\l__siunitx_table_after_box=\box64
\l__siunitx_table_before_dim=\dimen162
\l__siunitx_table_carry_dim=\dimen163
\l__siunitx_unit_tmp_int=\count293
\l__siunitx_unit_position_int=\count294
\l__siunitx_unit_total_int=\count295
 (/usr/share/texlive/texmf-dist/tex/latex/tools/array.sty
Package: array 2022/09/04 v2.5g Tabular extension package (FMi)
\col@sep=\dimen164
\ar@mcellbox=\box65
\extrarowheight=\dimen165
\NC@list=\toks26
\extratabsurround=\skip67
\backup@length=\skip68
\ar@cellbox=\box66
)) (/usr/share/texlive/texmf-dist/tex/latex/geometry/geometry.sty
Package: geometry 2020/01/02 v5.9 Page Geometry
 (/usr/share/texlive/texmf-dist/tex/generic/iftex/ifvtex.sty
Package: ifvtex 2019/10/25 v1.7 ifvtex legacy package. Use iftex instead.
)
\Gm@cnth=\count296
\Gm@cntv=\count297
\c@Gm@tempcnt=\count298
\Gm@bindingoffset=\dimen166
\Gm@wd@mp=\dimen167
\Gm@odd@mp=\dimen168
\Gm@even@mp=\dimen169
\Gm@layoutwidth=\dimen170
\Gm@layoutheight=\dimen171
\Gm@layouthoffset=\dimen172
\Gm@layoutvoffset=\dimen173
\Gm@dimlist=\toks27
) (/usr/share/texlive/texmf-dist/tex/latex/base/fontenc.sty
Package: fontenc 2021/04/29 v2.0v Standard LaTeX package
) (/usr/share/texlive/texmf-dist/tex/latex/base/inputenc.sty
Package: inputenc 2021/02/14 v1.3d Input encoding file
\inpenc@prehook=\toks28
\inpenc@posthook=\toks29
) (/usr/share/texlive/texmf-dist/tex/latex/xcharter/XCharter.sty
Package: XCharter 2022/04/16 v1.24
 `XCharter' v1.24, 2022/04/16 Text macros for XCharter, an extension of Charter (msharpe) (/usr/share/texlive/texmf-dist/tex/latex/xkeyval/xkeyval.sty
Package: xkeyval 2022/06/16 v2.9 package option processing (HA)
 (/usr/share/texlive/texmf-dist/tex/generic/xkeyval/xkeyval.tex (/usr/share/texlive/texmf-dist/tex/generic/xkeyval/xkvutils.tex
\XKV@toks=\toks30
\XKV@tempa@toks=\toks31
)
\XKV@depth=\count299
File: xkeyval.tex 2014/12/03 v2.7a key=value parser (HA)
)) (/usr/share/texlive/texmf-dist/tex/latex/base/textcomp.sty
Package: textcomp 2020/02/02 v2.0n Standard LaTeX package
) (/usr/share/texlive/texmf-dist/tex/generic/xstring/xstring.sty (/usr/share/texlive/texmf-dist/tex/generic/xstring/xstring.tex
\integerpart=\count300
\decimalpart=\count301
)
Package: xstring 2023/01/14 v1.85 String manipulations (CT)
) (/usr/share/texlive/texmf-dist/tex/latex/base/ifthen.sty
Package: ifthen 2022/04/13 v1.1d Standard LaTeX ifthen package (DPC)
) (/usr/share/texlive/texmf-dist/tex/latex/carlisle/scalefnt.sty) (/usr/share/texlive/texmf-dist/tex/latex/base/fontenc.sty
Package: fontenc 2021/04/29 v2.0v Standard LaTeX package
)
LaTeX Font Info:    Setting XCharter-LF sub-encoding to TS1/0 on input line 29.
LaTeX Font Info:    Changing XCharter-TLF sub-encoding to TS1/0 on input line 29.
LaTeX Font Info:    Setting XCharter-OsF sub-encoding to TS1/0 on input line 29.
LaTeX Font Info:    Changing XCharter-TOsF sub-encoding to TS1/0 on input line 29.
\xch@cnt=\count302
 (/usr/share/texlive/texmf-dist/tex/latex/fontaxes/fontaxes.sty
Package: fontaxes 2020/07/21 v1.0e Font selection axes
LaTeX Info: Redefining \upshape on input line 29.
LaTeX Info: Redefining \itshape on input line 31.
LaTeX Info: Redefining \slshape on input line 33.
LaTeX Info: Redefining \swshape on input line 35.
LaTeX Info: Redefining \scshape on input line 37.
LaTeX Info: Redefining \sscshape on input line 39.
LaTeX Info: Redefining \ulcshape on input line 41.
LaTeX Info: Redefining \textsw on input line 47.
LaTeX Info: Redefining \textssc on input line 48.
LaTeX Info: Redefining \textulc on input line 49.
)
LaTeX Info: Redefining \textsu on input line 712.
LaTeX Info: Redefining \textde on input line 714.
LaTeX Info: Redefining \textinf on input line 716.
) (/usr/share/texlive/texmf-dist/tex/latex/newtx/newtxmath.sty
Package: newtxmath 2022/01/16 v1.71
 `newtxmath' v1.71, 2022/01/16 Math macros based originally on txfonts (msharpe) (/usr/share/texlive/texmf-dist/tex/generic/iftex/ifxetex.sty
Package: ifxetex 2019/10/25 v0.7 ifxetex legacy package. Use iftex instead.
) (/usr/share/texlive/texmf-dist/tex/generic/iftex/ifluatex.sty
Package: ifluatex 2019/10/25 v1.5 ifluatex legacy package. Use iftex instead.
) (/usr/share/texlive/texmf-dist/tex/latex/oberdiek/centernot.sty
Package: centernot 2016/05/16 v1.4 Centers the not symbol horizontally (HO)
)
\tx@cntz=\count303
 (/usr/share/texlive/texmf-dist/tex/generic/kastrup/binhex.tex)
\tx@Isdigit=\count304
\tx@IsAlNum=\count305
\tx@tA=\toks32
\tx@tB=\toks33
\tx@su=\read2

amsthm NOT loaded
LaTeX Font Info:    Redeclaring symbol font `operators' on input line 376.
LaTeX Font Info:    Overwriting symbol font `operators' in version `normal'
(Font)                  OT1/cmr/m/n --> OT1/XCharter-TLF/m/n on input line 376.
LaTeX Font Info:    Overwriting symbol font `operators' in version `bold'
(Font)                  OT1/cmr/bx/n --> OT1/XCharter-TLF/m/n on input line 376.
LaTeX Font Info:    Overwriting symbol font `operators' in version `bold'
(Font)                  OT1/XCharter-TLF/m/n --> OT1/XCharter-TLF/b/n on input line 377.
LaTeX Font Info:    Redeclaring math alphabet \mathsf on input line 383.
LaTeX Font Info:    Overwriting math alphabet `\mathsf' in version `normal'
(Font)                  OT1/cmss/m/n --> T1/cmss/m/n on input line 383.
LaTeX Font Info:    Overwriting math alphabet `\mathsf' in version `bold'
(Font)                  OT1/cmss/bx/n --> T1/cmss/m/n on input line 383.
LaTeX Font Info:    Redeclaring math alphabet \mathit on input line 384.
LaTeX Font Info:    Overwriting math alphabet `\mathit' in version `normal'
(Font)                  OT1/cmr/m/it --> OT1/XCharter-TLF/m/it on input line 384.
LaTeX Font Info:    Overwriting math alphabet `\mathit' in version `bold'
(Font)                  OT1/cmr/bx/it --> OT1/XCharter-TLF/m/it on input line 384.
LaTeX Font Info:    Redeclaring math alphabet \mathtt on input line 385.
LaTeX Font Info:    Overwriting math alphabet `\mathtt' in version `normal'
(Font)                  OT1/cmtt/m/n --> T1/cmtt/m/n on input line 385.
LaTeX Font Info:    Overwriting math alphabet `\mathtt' in version `bold'
(Font)                  OT1/cmtt/m/n --> T1/cmtt/m/n on input line 385.
LaTeX Font Info:    Redeclaring math alphabet \mathbf on input line 387.
LaTeX Font Info:    Overwriting math alphabet `\mathbf' in version `normal'
(Font)                  OT1/cmr/bx/n --> OT1/XCharter-TLF/b/n on input line 387.
LaTeX Font Info:    Overwriting math alphabet `\mathbf' in version `bold'
(Font)                  OT1/cmr/bx/n --> OT1/XCharter-TLF/b/n on input line 387.
LaTeX Font Info:    Overwriting math alphabet `\mathit' in version `bold'
(Font)                  OT1/XCharter-TLF/m/it --> OT1/XCharter-TLF/b/it on input line 388.
LaTeX Font Info:    Overwriting math alphabet `\mathsf' in version `bold'
(Font)                  T1/cmss/m/n --> T1/cmss/b/n on input line 389.
LaTeX Font Info:    Overwriting math alphabet `\mathtt' in version `bold'
(Font)                  T1/cmtt/m/n --> T1/cmtt/b/n on input line 390.
LaTeX Font Info:    Redeclaring symbol font `letters' on input line 437.
LaTeX Font Info:    Overwriting symbol font `letters' in version `normal'
(Font)                  OML/cmm/m/it --> OML/zchmi/m/it on input line 437.
LaTeX Font Info:    Overwriting symbol font `letters' in version `bold'
(Font)                  OML/cmm/b/it --> OML/zchmi/m/it on input line 437.
LaTeX Font Info:    Overwriting symbol font `letters' in version `bold'
(Font)                  OML/zchmi/m/it --> OML/zchmi/b/it on input line 438.
\symlettersA=\mathgroup4
LaTeX Font Info:    Overwriting symbol font `lettersA' in version `bold'
(Font)                  U/ntxmia/m/it --> U/ntxmia/b/it on input line 547.
Now handling font encoding LMS ...
... no UTF-8 mapping file for font encoding LMS
LaTeX Font Info:    Redeclaring symbol font `symbols' on input line 568.
LaTeX Font Info:    Encoding `OMS' has changed to `LMS' for symbol font
(Font)              `symbols' in the math version `normal' on input line 568.
LaTeX Font Info:    Overwriting symbol font `symbols' in version `normal'
(Font)                  OMS/cmsy/m/n --> LMS/ntxsy/m/n on input line 568.
LaTeX Font Info:    Encoding `OMS' has changed to `LMS' for symbol font
(Font)              `symbols' in the math version `bold' on input line 568.
LaTeX Font Info:    Overwriting symbol font `symbols' in version `bold'
(Font)                  OMS/cmsy/b/n --> LMS/ntxsy/m/n on input line 568.
LaTeX Font Info:    Overwriting symbol font `symbols' in version `bold'
(Font)                  LMS/ntxsy/m/n --> LMS/ntxsy/b/n on input line 569.
\symAMSm=\mathgroup5
LaTeX Font Info:    Overwriting symbol font `AMSm' in version `bold'
(Font)                  U/ntxsym/m/n --> U/ntxsym/b/n on input line 594.
\symsymbolsC=\mathgroup6
LaTeX Font Info:    Overwriting symbol font `symbolsC' in version `bold'
(Font)                  U/ntxsyc/m/n --> U/ntxsyc/b/n on input line 615.
Now handling font encoding LMX ...
... no UTF-8 mapping file for font encoding LMX
LaTeX Font Info:    Redeclaring symbol font `largesymbols' on input line 628.
LaTeX Font Info:    Encoding `OMX' has changed to `LMX' for symbol font
(Font)              `largesymbols' in the math version `normal' on input line 628.
LaTeX Font Info:    Overwriting symbol font `largesymbols' in version `normal'
(Font)                  OMX/cmex/m/n --> LMX/ntxexx/m/n on input line 628.
LaTeX Font Info:    Encoding `OMX' has changed to `LMX' for symbol font
(Font)              `largesymbols' in the math version `bold' on input line 628.
LaTeX Font Info:    Overwriting symbol font `largesymbols' in version `bold'
(Font)                  OMX/cmex/m/n --> LMX/ntxexx/m/n on input line 628.
LaTeX Font Info:    Overwriting symbol font `largesymbols' in version `bold'
(Font)                  LMX/ntxexx/m/n --> LMX/ntxexx/b/n on input line 629.
\symlargesymbolsTXA=\mathgroup7
LaTeX Font Info:    Overwriting symbol font `largesymbolsTXA' in version `bold'
(Font)                  U/ntxexa/m/n --> U/ntxexa/b/n on input line 643.
\tx@sbptoks=\toks34
LaTeX Font Info:    Redeclaring math delimiter \lfloor on input line 866.
LaTeX Font Info:    Redeclaring math delimiter \rfloor on input line 867.
LaTeX Font Info:    Redeclaring math delimiter \lceil on input line 868.
LaTeX Font Info:    Redeclaring math delimiter \rceil on input line 869.
LaTeX Font Info:    Redeclaring math delimiter \lbrace on input line 870.
LaTeX Font Info:    Redeclaring math delimiter \rbrace on input line 871.
LaTeX Font Info:    Redeclaring math delimiter \langle on input line 872.
LaTeX Font Info:    Redeclaring math delimiter \rangle on input line 874.
LaTeX Font Info:    Redeclaring math delimiter \arrowvert on input line 878.
LaTeX Font Info:    Redeclaring math delimiter \vert on input line 879.
LaTeX Font Info:    Redeclaring math symbol \hbar on input line 925.
LaTeX Font Info:    Redeclaring math accent \dot on input line 950.
LaTeX Font Info:    Redeclaring math accent \ddot on input line 951.
LaTeX Font Info:    Redeclaring math accent \vec on input line 2020.
LaTeX Info: Redefining \Bbbk on input line 2810.
LaTeX Info: Redefining \not on input line 2959.
) (/usr/share/texlive/texmf-dist/tex/latex/biblatex/biblatex.sty
Package: biblatex 2022/07/12 v3.18b programmable bibliographies (PK/MW)
 (/usr/share/texlive/texmf-dist/tex/latex/kvoptions/kvoptions.sty
Package: kvoptions 2022-06-15 v3.15 Key value format for package options (HO)
 (/usr/share/texlive/texmf-dist/tex/latex/kvsetkeys/kvsetkeys.sty
Package: kvsetkeys 2022-10-05 v1.19 Key value parser (HO)
)) (/usr/share/texlive/texmf-dist/tex/latex/logreq/logreq.sty
Package: logreq 2010/08/04 v1.0 xml request logger
\lrq@indent=\count306
 (/usr/share/texlive/texmf-dist/tex/latex/logreq/logreq.def
File: logreq.def 2010/08/04 v1.0 logreq spec v1.0
)) (/usr/share/texlive/texmf-dist/tex/latex/url/url.sty
\Urlmuskip=\muskip17
Package: url 2013/09/16  ver 3.4  Verb mode for urls, etc.
)
\c@tabx@nest=\count307
\c@listtotal=\count308
\c@listcount=\count309
\c@liststart=\count310
\c@liststop=\count311
\c@citecount=\count312
\c@citetotal=\count313
\c@multicitecount=\count314
\c@multicitetotal=\count315
\c@instcount=\count316
\c@maxnames=\count317
\c@minnames=\count318
\c@maxitems=\count319
\c@minitems=\count320
\c@citecounter=\count321
\c@maxcitecounter=\count322
\c@savedcitecounter=\count323
\c@uniquelist=\count324
\c@uniquename=\count325
\c@refsection=\count326
\c@refsegment=\count327
\c@maxextratitle=\count328
\c@maxextratitleyear=\count329
\c@maxextraname=\count330
\c@maxextradate=\count331
\c@maxextraalpha=\count332
\c@abbrvpenalty=\count333
\c@highnamepenalty=\count334
\c@lownamepenalty=\count335
\c@maxparens=\count336
\c@parenlevel=\count337
\blx@tempcnta=\count338
\blx@tempcntb=\count339
\blx@tempcntc=\count340
\c@blx@maxsection=\count341
\blx@maxsegment@0=\count342
\blx@notetype=\count343
\blx@parenlevel@text=\count344
\blx@parenlevel@foot=\count345
\blx@sectionciteorder@0=\count346
\blx@sectionciteorderinternal@0=\count347
\blx@entrysetcounter=\count348
\blx@biblioinstance=\count349
\labelnumberwidth=\skip69
\labelalphawidth=\skip70
\biblabelsep=\skip71
\bibitemsep=\skip72
\bibnamesep=\skip73
\bibinitsep=\skip74
\bibparsep=\skip75
\bibhang=\skip76
\blx@bcfin=\read3
\blx@bcfout=\write3
\blx@langwohyphens=\language87
\c@mincomprange=\count350
\c@maxcomprange=\count351
\c@mincompwidth=\count352
Package biblatex Info: Trying to load biblatex default data model...
Package biblatex Info: ... file 'blx-dm.def' found.
 (/usr/share/texlive/texmf-dist/tex/latex/biblatex/blx-dm.def
File: blx-dm.def 2022/07/12 v3.18b biblatex localization (PK/MW)
)
Package biblatex Info: Trying to load biblatex citestyle data model...
Package biblatex Info: ... file 'authoryear.dbx' not found.
Package biblatex Info: Trying to load biblatex custom data model...
Package biblatex Info: ... file 'biblatex-dm.cfg' not found.
\c@afterword=\count353
\c@savedafterword=\count354
\c@annotator=\count355
\c@savedannotator=\count356
\c@author=\count357
\c@savedauthor=\count358
\c@bookauthor=\count359
\c@savedbookauthor=\count360
\c@commentator=\count361
\c@savedcommentator=\count362
\c@editor=\count363
\c@savededitor=\count364
\c@editora=\count365
\c@savededitora=\count366
\c@editorb=\count367
\c@savededitorb=\count368
\c@editorc=\count369
\c@savededitorc=\count370
\c@foreword=\count371
\c@savedforeword=\count372
\c@holder=\count373
\c@savedholder=\count374
\c@introduction=\count375
\c@savedintroduction=\count376
\c@namea=\count377
\c@savednamea=\count378
\c@nameb=\count379
\c@savednameb=\count380
\c@namec=\count381
\c@savednamec=\count382
\c@translator=\count383
\c@savedtranslator=\count384
\c@shortauthor=\count385
\c@savedshortauthor=\count386
\c@shorteditor=\count387
\c@savedshorteditor=\count388
\c@labelname=\count389
\c@savedlabelname=\count390
\c@institution=\count391
\c@savedinstitution=\count392
\c@lista=\count393
\c@savedlista=\count394
\c@listb=\count395
\c@savedlistb=\count396
\c@listc=\count397
\c@savedlistc=\count398
\c@listd=\count399
\c@savedlistd=\count400
\c@liste=\count401
\c@savedliste=\count402
\c@listf=\count403
\c@savedlistf=\count404
\c@location=\count405
\c@savedlocation=\count406
\c@organization=\count407
\c@savedorganization=\count408
\c@origlocation=\count409
\c@savedoriglocation=\count410
\c@origpublisher=\count411
\c@savedorigpublisher=\count412
\c@publisher=\count413
\c@savedpublisher=\count414
\c@language=\count415
\c@savedlanguage=\count416
\c@origlanguage=\count417
\c@savedoriglanguage=\count418
\c@pageref=\count419
\c@savedpageref=\count420
\shorthandwidth=\skip77
\shortjournalwidth=\skip78
\shortserieswidth=\skip79
\shorttitlewidth=\skip80
\shortauthorwidth=\skip81
\shorteditorwidth=\skip82
\locallabelnumberwidth=\skip83
\locallabelalphawidth=\skip84
\localshorthandwidth=\skip85
\localshortjournalwidth=\skip86
\localshortserieswidth=\skip87
\localshorttitlewidth=\skip88
\localshortauthorwidth=\skip89
\localshorteditorwidth=\skip90
Package biblatex Info: Trying to load compatibility code...
Package biblatex Info: ... file 'blx-compat.def' found.
 (/usr/share/texlive/texmf-dist/tex/latex/biblatex/blx-compat.def
File: blx-compat.def 2022/07/12 v3.18b biblatex compatibility (PK/MW)
)
Package biblatex Info: Trying to load generic definitions...
Package biblatex Info: ... file 'biblatex.def' found.
 (/usr/share/texlive/texmf-dist/tex/latex/biblatex/biblatex.def
File: biblatex.def 2022/07/12 v3.18b biblatex compatibility (PK/MW)
\c@textcitecount=\count421
\c@textcitetotal=\count422
\c@textcitemaxnames=\count423
\c@biburlbigbreakpenalty=\count424
\c@biburlbreakpenalty=\count425
\c@biburlnumpenalty=\count426
\c@biburlucpenalty=\count427
\c@biburllcpenalty=\count428
\biburlbigskip=\muskip18
\biburlnumskip=\muskip19
\biburlucskip=\muskip20
\biburllcskip=\muskip21
\c@smartand=\count429
)
Package biblatex Info: Trying to load bibliography style 'authoryear'...
Package biblatex Info: ... file 'authoryear.bbx' found.
 (/usr/share/texlive/texmf-dist/tex/latex/biblatex/bbx/authoryear.bbx
File: authoryear.bbx 2022/07/12 v3.18b biblatex bibliography style (PK/MW)
Package biblatex Info: Trying to load bibliography style 'standard'...
Package biblatex Info: ... file 'standard.bbx' found.
 (/usr/share/texlive/texmf-dist/tex/latex/biblatex/bbx/standard.bbx
File: standard.bbx 2022/07/12 v3.18b biblatex bibliography style (PK/MW)
\c@bbx:relatedcount=\count430
\c@bbx:relatedtotal=\count431
))
Package biblatex Info: Trying to load citation style 'authoryear'...
Package biblatex Info: ... file 'authoryear.cbx' found.
 (/usr/share/texlive/texmf-dist/tex/latex/biblatex/cbx/authoryear.cbx
File: authoryear.cbx 2022/07/12 v3.18b biblatex citation style (PK/MW)
Package biblatex Info: Redefining '\cite'.
Package biblatex Info: Redefining '\parencite'.
Package biblatex Info: Redefining '\footcite'.
Package biblatex Info: Redefining '\footcitetext'.
Package biblatex Info: Redefining '\smartcite'.
Package biblatex Info: Redefining '\textcite'.
Package biblatex Info: Redefining '\textcites'.
)
Package biblatex Info: Trying to load configuration file...
Package biblatex Info: ... file 'biblatex.cfg' found.
 (/usr/share/texlive/texmf-dist/tex/latex/biblatex/biblatex.cfg
File: biblatex.cfg 
)
Package biblatex Info: Input encoding 'utf8' detected.
Package biblatex Info: Document encoding is UTF8 ....
Package biblatex Info: ... and expl3
(biblatex)             2023-01-16 L3 programming layer (loader) 
(biblatex)             is new enough (at least 2020/04/06),
(biblatex)             setting 'casechanger=expl3'.
 (/usr/share/texlive/texmf-dist/tex/latex/biblatex/blx-case-expl3.sty
Package: blx-case-expl3 2022/07/12 v3.18b expl3 case changing code for biblatex
)) (/usr/share/texlive/texmf-dist/tex/latex/xcolor/xcolor.sty
Package: xcolor 2022/06/12 v2.14 LaTeX color extensions (UK)
 (/usr/share/texlive/texmf-dist/tex/latex/graphics-cfg/color.cfg
File: color.cfg 2016/01/02 v1.6 sample color configuration
)
Package xcolor Info: Driver file: pdftex.def on input line 227.
 (/usr/share/texlive/texmf-dist/tex/latex/graphics/mathcolor.ltx)
Package xcolor Info: Model `cmy' substituted by `cmy0' on input line 1353.
Package xcolor Info: Model `hsb' substituted by `rgb' on input line 1357.
Package xcolor Info: Model `RGB' extended on input line 1369.
Package xcolor Info: Model `HTML' substituted by `rgb' on input line 1371.
Package xcolor Info: Model `Hsb' substituted by `hsb' on input line 1372.
Package xcolor Info: Model `tHsb' substituted by `hsb' on input line 1373.
Package xcolor Info: Model `HSB' substituted by `hsb' on input line 1374.
Package xcolor Info: Model `Gray' substituted by `gray' on input line 1375.
Package xcolor Info: Model `wave' substituted by `hsb' on input line 1376.
) (/usr/share/texlive/texmf-dist/tex/latex/listings/listings.sty
\lst@mode=\count432
\lst@gtempboxa=\box67
\lst@token=\toks35
\lst@length=\count433
\lst@currlwidth=\dimen174
\lst@column=\count434
\lst@pos=\count435
\lst@lostspace=\dimen175
\lst@width=\dimen176
\lst@newlines=\count436
\lst@lineno=\count437
\lst@maxwidth=\dimen177
 (/usr/share/texlive/texmf-dist/tex/latex/listings/lstmisc.sty
File: lstmisc.sty 2020/03/24 1.8d (Carsten Heinz)
\c@lstnumber=\count438
\lst@skipnumbers=\count439
\lst@framebox=\box68
) (/usr/share/texlive/texmf-dist/tex/latex/listings/listings.cfg
File: listings.cfg 2020/03/24 1.8d listings configuration
))
Package: listings 2020/03/24 1.8d (Carsten Heinz)
 (/usr/share/texlive/texmf-dist/tex/latex/svg/svg.sty
Package: svg 2020/11/26 v2.02k (include SVG pictures)
 (/usr/share/texlive/texmf-dist/tex/latex/koma-script/scrbase.sty
Package: scrbase 2022/10/12 v3.38 KOMA-Script package (KOMA-Script-independent basics and keyval usage)
 (/usr/share/texlive/texmf-dist/tex/latex/koma-script/scrlfile.sty
Package: scrlfile 2022/10/12 v3.38 KOMA-Script package (file load hooks)
 (/usr/share/texlive/texmf-dist/tex/latex/koma-script/scrlfile-hook.sty
Package: scrlfile-hook 2022/10/12 v3.38 KOMA-Script package (using LaTeX hooks)
 (/usr/share/texlive/texmf-dist/tex/latex/koma-script/scrlogo.sty
Package: scrlogo 2022/10/12 v3.38 KOMA-Script package (logo)
)))
Applying: [2021/05/01] Usage of raw or classic option list on input line 252.
Already applied: [0000/00/00] Usage of raw or classic option list on input line 368.
) (/usr/share/texlive/texmf-dist/tex/latex/trimspaces/trimspaces.sty
Package: trimspaces 2009/09/17 v1.1 Trim spaces around a token list
) (/usr/share/texlive/texmf-dist/tex/latex/tools/shellesc.sty
Package: shellesc 2019/11/08 v1.0c unified shell escape interface for LaTeX
Package shellesc Info: Restricted shell escape enabled on input line 77.
)
\c@svg@param@lastpage=\count440
\svg@box=\box69
\c@svg@param@currpage=\count441
) (/usr/share/texlive/texmf-dist/tex/latex/transparent/transparent.sty
Package: transparent 2022-10-27 v1.5 Transparency with color stacks
 (/usr/share/texlive/texmf-dist/tex/latex/transparent/transparent-nometadata.sty
Package: transparent-nometadata 2022-10-27 v1.5 Transparency via pdfTeX's color stack (HO)
 (/usr/share/texlive/texmf-dist/tex/latex/auxhook/auxhook.sty
Package: auxhook 2019-12-17 v1.6 Hooks for auxiliary files (HO)
))) (/usr/share/texlive/texmf-dist/tex/latex/pgf/systemlayer/pgfsys.sty (/usr/share/texlive/texmf-dist/tex/latex/pgf/utilities/pgfrcs.sty (/usr/share/texlive/texmf-dist/tex/generic/pgf/utilities/pgfutil-common.tex
\pgfutil@everybye=\toks36
\pgfutil@tempdima=\dimen178
\pgfutil@tempdimb=\dimen179
) (/usr/share/texlive/texmf-dist/tex/generic/pgf/utilities/pgfutil-latex.def
\pgfutil@abb=\box70
) (/usr/share/texlive/texmf-dist/tex/generic/pgf/utilities/pgfrcs.code.tex (/usr/share/texlive/texmf-dist/tex/generic/pgf/pgf.revision.tex)
Package: pgfrcs 2023-01-15 v3.1.10 (3.1.10)
)) (/usr/share/texlive/texmf-dist/tex/generic/pgf/systemlayer/pgfsys.code.tex
Package: pgfsys 2023-01-15 v3.1.10 (3.1.10)
 (/usr/share/texlive/texmf-dist/tex/generic/pgf/utilities/pgfkeys.code.tex
\pgfkeys@pathtoks=\toks37
\pgfkeys@temptoks=\toks38
 (/usr/share/texlive/texmf-dist/tex/generic/pgf/utilities/pgfkeyslibraryfiltered.code.tex
\pgfkeys@tmptoks=\toks39
))
\pgf@x=\dimen180
\pgf@y=\dimen181
\pgf@xa=\dimen182
\pgf@ya=\dimen183
\pgf@xb=\dimen184
\pgf@yb=\dimen185
\pgf@xc=\dimen186
\pgf@yc=\dimen187
\pgf@xd=\dimen188
\pgf@yd=\dimen189
\w@pgf@writea=\write4
\r@pgf@reada=\read4
\c@pgf@counta=\count442
\c@pgf@countb=\count443
\c@pgf@countc=\count444
\c@pgf@countd=\count445
\t@pgf@toka=\toks40
\t@pgf@tokb=\toks41
\t@pgf@tokc=\toks42
\pgf@sys@id@count=\count446
 (/usr/share/texlive/texmf-dist/tex/generic/pgf/systemlayer/pgf.cfg
File: pgf.cfg 2023-01-15 v3.1.10 (3.1.10)
)
Driver file for pgf: pgfsys-pdftex.def
 (/usr/share/texlive/texmf-dist/tex/generic/pgf/systemlayer/pgfsys-pdftex.def
File: pgfsys-pdftex.def 2023-01-15 v3.1.10 (3.1.10)
 (/usr/share/texlive/texmf-dist/tex/generic/pgf/systemlayer/pgfsys-common-pdf.def
File: pgfsys-common-pdf.def 2023-01-15 v3.1.10 (3.1.10)
))) (/usr/share/texlive/texmf-dist/tex/generic/pgf/systemlayer/pgfsyssoftpath.code.tex
File: pgfsyssoftpath.code.tex 2023-01-15 v3.1.10 (3.1.10)
\pgfsyssoftpath@smallbuffer@items=\count447
\pgfsyssoftpath@bigbuffer@items=\count448
) (/usr/share/texlive/texmf-dist/tex/generic/pgf/systemlayer/pgfsysprotocol.code.tex
File: pgfsysprotocol.code.tex 2023-01-15 v3.1.10 (3.1.10)
)) (/usr/share/texlive/texmf-dist/tex/latex/subfig/subfig.sty
Package: subfig 2005/06/28 ver: 1.3 subfig package
 (/usr/share/texlive/texmf-dist/tex/latex/caption/caption.sty
Package: caption 2022/03/01 v3.6b Customizing captions (AR)
 (/usr/share/texlive/texmf-dist/tex/latex/caption/caption3.sty
Package: caption3 2022/03/17 v2.3b caption3 kernel (AR)
\caption@tempdima=\dimen190
\captionmargin=\dimen191
\caption@leftmargin=\dimen192
\caption@rightmargin=\dimen193
\caption@width=\dimen194
\caption@indent=\dimen195
\caption@parindent=\dimen196
\caption@hangindent=\dimen197
Package caption Info: Standard document class detected.
)
\c@caption@flags=\count449
\c@continuedfloat=\count450
Package caption Info: float package is loaded.
Package caption Info: listings package is loaded.
)
\c@KVtest=\count451
\sf@farskip=\skip91
\sf@captopadj=\dimen198
\sf@capskip=\skip92
\sf@nearskip=\skip93
\c@subfigure=\count452
\c@subfigure@save=\count453
\c@lofdepth=\count454
\c@subtable=\count455
\c@subtable@save=\count456
\c@lotdepth=\count457
\sf@top=\skip94
\sf@bottom=\skip95
) (/usr/share/texlive/texmf-dist/tex/latex/hyperref/hyperref.sty
Package: hyperref 2022-11-13 v7.00u Hypertext links for LaTeX
 (/usr/share/texlive/texmf-dist/tex/generic/kvdefinekeys/kvdefinekeys.sty
Package: kvdefinekeys 2019-12-19 v1.6 Define keys (HO)
) (/usr/share/texlive/texmf-dist/tex/generic/pdfescape/pdfescape.sty
Package: pdfescape 2019/12/09 v1.15 Implements pdfTeX's escape features (HO)
) (/usr/share/texlive/texmf-dist/tex/latex/hycolor/hycolor.sty
Package: hycolor 2020-01-27 v1.10 Color options for hyperref/bookmark (HO)
) (/usr/share/texlive/texmf-dist/tex/latex/letltxmacro/letltxmacro.sty
Package: letltxmacro 2019/12/03 v1.6 Let assignment for LaTeX macros (HO)
) (/usr/share/texlive/texmf-dist/tex/latex/hyperref/nameref.sty
Package: nameref 2022-05-17 v2.50 Cross-referencing by name of section
 (/usr/share/texlive/texmf-dist/tex/latex/refcount/refcount.sty
Package: refcount 2019/12/15 v3.6 Data extraction from label references (HO)
) (/usr/share/texlive/texmf-dist/tex/generic/gettitlestring/gettitlestring.sty
Package: gettitlestring 2019/12/15 v1.6 Cleanup title references (HO)
)
\c@section@level=\count458
)
\@linkdim=\dimen199
\Hy@linkcounter=\count459
\Hy@pagecounter=\count460
 (/usr/share/texlive/texmf-dist/tex/latex/hyperref/pd1enc.def
File: pd1enc.def 2022-11-13 v7.00u Hyperref: PDFDocEncoding definition (HO)
Now handling font encoding PD1 ...
... no UTF-8 mapping file for font encoding PD1
) (/usr/share/texlive/texmf-dist/tex/generic/intcalc/intcalc.sty
Package: intcalc 2019/12/15 v1.3 Expandable calculations with integers (HO)
) (/usr/share/texlive/texmf-dist/tex/generic/etexcmds/etexcmds.sty
Package: etexcmds 2019/12/15 v1.7 Avoid name clashes with e-TeX commands (HO)
)
\Hy@SavedSpaceFactor=\count461
 (/usr/share/texlive/texmf-dist/tex/latex/hyperref/puenc.def
File: puenc.def 2022-11-13 v7.00u Hyperref: PDF Unicode definition (HO)
Now handling font encoding PU ...
... no UTF-8 mapping file for font encoding PU
)
Package hyperref Info: Hyper figures OFF on input line 4162.
Package hyperref Info: Link nesting OFF on input line 4167.
Package hyperref Info: Hyper index ON on input line 4170.
Package hyperref Info: Plain pages OFF on input line 4177.
Package hyperref Info: Backreferencing OFF on input line 4182.
Package hyperref Info: Implicit mode ON; LaTeX internals redefined.
Package hyperref Info: Bookmarks ON on input line 4410.
\c@Hy@tempcnt=\count462
LaTeX Info: Redefining \url on input line 4748.
\XeTeXLinkMargin=\dimen256
 (/usr/share/texlive/texmf-dist/tex/generic/bitset/bitset.sty
Package: bitset 2019/12/09 v1.3 Handle bit-vector datatype (HO)
 (/usr/share/texlive/texmf-dist/tex/generic/bigintcalc/bigintcalc.sty
Package: bigintcalc 2019/12/15 v1.5 Expandable calculations on big integers (HO)
))
\Fld@menulength=\count463
\Field@Width=\dimen257
\Fld@charsize=\dimen258
Package hyperref Info: Hyper figures OFF on input line 6027.
Package hyperref Info: Link nesting OFF on input line 6032.
Package hyperref Info: Hyper index ON on input line 6035.
Package hyperref Info: backreferencing OFF on input line 6042.
Package hyperref Info: Link coloring OFF on input line 6047.
Package hyperref Info: Link coloring with OCG OFF on input line 6052.
Package hyperref Info: PDF/A mode OFF on input line 6057.
 (/usr/share/texlive/texmf-dist/tex/latex/base/atbegshi-ltx.sty
Package: atbegshi-ltx 2021/01/10 v1.0c Emulation of the original atbegshi
package with kernel methods
)
\Hy@abspage=\count464
\c@Item=\count465
\c@Hfootnote=\count466
)
Package hyperref Info: Driver (autodetected): hpdftex.
 (/usr/share/texlive/texmf-dist/tex/latex/hyperref/hpdftex.def
File: hpdftex.def 2022-11-13 v7.00u Hyperref driver for pdfTeX
 (/usr/share/texlive/texmf-dist/tex/latex/base/atveryend-ltx.sty
Package: atveryend-ltx 2020/08/19 v1.0a Emulation of the original atveryend package
with kernel methods
)
\Fld@listcount=\count467
\c@bookmark@seq@number=\count468
 (/usr/share/texlive/texmf-dist/tex/latex/rerunfilecheck/rerunfilecheck.sty
Package: rerunfilecheck 2022-07-10 v1.10 Rerun checks for auxiliary files (HO)
 (/usr/share/texlive/texmf-dist/tex/generic/uniquecounter/uniquecounter.sty
Package: uniquecounter 2019/12/15 v1.4 Provide unlimited unique counter (HO)
)
Package uniquecounter Info: New unique counter `rerunfilecheck' on input line 285.
)
\Hy@SectionHShift=\skip96
)
Package hyperref Info: Option `colorlinks' set `true' on input line 132.
 (/usr/share/texlive/texmf-dist/tex/latex/fancyhdr/fancyhdr.sty
Package: fancyhdr 2022/11/09 v4.1 Extensive control of page headers and footers
\f@nch@headwidth=\skip97
\f@nch@O@elh=\skip98
\f@nch@O@erh=\skip99
\f@nch@O@olh=\skip100
\f@nch@O@orh=\skip101
\f@nch@O@elf=\skip102
\f@nch@O@erf=\skip103
\f@nch@O@olf=\skip104
\f@nch@O@orf=\skip105
) (/usr/share/texlive/texmf-dist/tex/latex/sauerj/parcolumns.sty
Package: parcolumns 2004/11/25 v1.2 Typeset multiple parallel columns
 (/usr/share/texlive/texmf-dist/tex/latex/sauerj/processkv.sty
Package: processkv 2004/08/09 v1.0.1 process key=value lists
)
\pc@columnctr=\count469
\pc@columncount=\count470
\pc@everypar=\toks43
))

Package fancyhdr Warning: \fancyhead's `E' option without twoside option is useless.
(fancyhdr)                Please consider using the `twoside' option on input line 38.


Package fancyhdr Warning: \fancyhead's `E' option without twoside option is useless.
(fancyhdr)                Please consider using the `twoside' option on input line 39.


Package fancyhdr Warning: \fancyhead's `E' option without twoside option is useless.
(fancyhdr)                Please consider using the `twoside' option on input line 40.


Package fancyhdr Warning: \fancyfoot's `E' option without twoside option is useless.
(fancyhdr)                Please consider using the `twoside' option on input line 42.


Package fancyhdr Warning: \fancyfoot's `E' option without twoside option is useless.
(fancyhdr)                Please consider using the `twoside' option on input line 43.


Package fancyhdr Warning: \fancyfoot's `E' option without twoside option is useless.
(fancyhdr)                Please consider using the `twoside' option on input line 44.

Package translations Info: No language package found. I am going to use `english' as default language. on input line 65.
LaTeX Info: Redefining \oldstylenums on input line 65.
LaTeX Font Info:    Trying to load font information for T1+XCharter-TLF on input line 65.
(/usr/share/texlive/texmf-dist/tex/latex/xcharter/T1XCharter-TLF.fd
File: T1XCharter-TLF.fd 2017/06/25 (autoinst) Font definitions for T1/XCharter-TLF.
)
LaTeX Font Info:    Font shape `T1/XCharter-TLF/m/n' will be
(Font)              scaled to size 9.60007pt on input line 65.
\@quotelevel=\count471
\@quotereset=\count472
 (./rapport.aux)
\openout1 = `rapport.aux'.

LaTeX Font Info:    Checking defaults for OML/zchmi/m/it on input line 65.
LaTeX Font Info:    Trying to load font information for OML+zchmi on input line 65.
 (/usr/share/texlive/texmf-dist/tex/latex/xcharter/omlzchmi.fd
File: omlzchmi.fd 2019/11/21 Fontinst v1.933 font definitions for OML/zchmi.
)
LaTeX Font Info:    ... okay on input line 65.
LaTeX Font Info:    Checking defaults for OMS/cmsy/m/n on input line 65.
LaTeX Font Info:    ... okay on input line 65.
LaTeX Font Info:    Checking defaults for OT1/cmr/m/n on input line 65.
LaTeX Font Info:    ... okay on input line 65.
LaTeX Font Info:    Checking defaults for T1/cmr/m/n on input line 65.
LaTeX Font Info:    ... okay on input line 65.
LaTeX Font Info:    Checking defaults for TS1/cmr/m/n on input line 65.
LaTeX Font Info:    ... okay on input line 65.
LaTeX Font Info:    Checking defaults for OMX/cmex/m/n on input line 65.
LaTeX Font Info:    ... okay on input line 65.
LaTeX Font Info:    Checking defaults for U/ntxexa/m/n on input line 65.
LaTeX Font Info:    Trying to load font information for U+ntxexa on input line 65.
 (/usr/share/texlive/texmf-dist/tex/latex/newtx/untxexa.fd
File: untxexa.fd 2012/04/16 Fontinst v1.933 font definitions for U/ntxexa.
)
LaTeX Font Info:    ... okay on input line 65.
LaTeX Font Info:    Checking defaults for LMS/ntxsy/m/n on input line 65.
LaTeX Font Info:    Trying to load font information for LMS+ntxsy on input line 65.
 (/usr/share/texlive/texmf-dist/tex/latex/newtx/lmsntxsy.fd
File: lmsntxsy.fd 2016/07/02 Fontinst v1.933 font definitions for LMS/ntxsy.
)
LaTeX Font Info:    ... okay on input line 65.
LaTeX Font Info:    Checking defaults for LMX/ntxexx/m/n on input line 65.
LaTeX Font Info:    Trying to load font information for LMX+ntxexx on input line 65.
 (/usr/share/texlive/texmf-dist/tex/latex/newtx/lmxntxexx.fd
File: lmxntxexx.fd 2016/07/03 Fontinst v1.933 font definitions for LMX/ntxexx.
)
LaTeX Font Info:    ... okay on input line 65.
LaTeX Font Info:    Checking defaults for PD1/pdf/m/n on input line 65.
LaTeX Font Info:    ... okay on input line 65.
LaTeX Font Info:    Checking defaults for PU/pdf/m/n on input line 65.
LaTeX Font Info:    ... okay on input line 65.
 (/usr/share/texlive/texmf-dist/tex/context/base/mkii/supp-pdf.mkii
[Loading MPS to PDF converter (version 2006.09.02).]
\scratchcounter=\count473
\scratchdimen=\dimen259
\scratchbox=\box71
\nofMPsegments=\count474
\nofMParguments=\count475
\everyMPshowfont=\toks44
\MPscratchCnt=\count476
\MPscratchDim=\dimen260
\MPnumerator=\count477
\makeMPintoPDFobject=\count478
\everyMPtoPDFconversion=\toks45
) (/usr/share/texlive/texmf-dist/tex/latex/epstopdf-pkg/epstopdf-base.sty
Package: epstopdf-base 2020-01-24 v2.11 Base part for package epstopdf
Package epstopdf-base Info: Redefining graphics rule for `.eps' on input line 485.
 (/usr/share/texlive/texmf-dist/tex/latex/latexconfig/epstopdf-sys.cfg
File: epstopdf-sys.cfg 2010/07/13 v1.3 Configuration of (r)epstopdf for TeX Live
))
LaTeX Info: Command `\dddot' is already robust on input line 65.
LaTeX Info: Command `\ddddot' is already robust on input line 65.

Package chemgreek Info: Activating mapping `newtx' on line 65.

 (/usr/share/texlive/texmf-dist/tex/latex/translations/translations-basic-dictionary-english.trsl
File: translations-basic-dictionary-english.trsl (english translation file `translations-basic-dictionary')
)
Package translations Info: loading dictionary `translations-basic-dictionary' for `english'. on input line 65.

*geometry* driver: auto-detecting
*geometry* detected driver: pdftex
*geometry* verbose mode - [ preamble ] result:
* driver: pdftex
* paper: a4paper
* layout: <same size as paper>
* layoutoffset:(h,v)=(0.0pt,0.0pt)
* modes: 
* h-part:(L,W,R)=(71.13188pt, 455.24411pt, 71.13188pt)
* v-part:(T,H,B)=(71.13188pt, 702.78308pt, 71.13188pt)
* \paperwidth=597.50787pt
* \paperheight=845.04684pt
* \textwidth=455.24411pt
* \textheight=702.78308pt
* \oddsidemargin=-1.1381pt
* \evensidemargin=-1.1381pt
* \topmargin=-38.1381pt
* \headheight=12.0pt
* \headsep=25.0pt
* \topskip=10.0pt
* \footskip=30.0pt
* \marginparwidth=57.0pt
* \marginparsep=11.0pt
* \columnsep=10.0pt
* \skip\footins=9.0pt plus 4.0pt minus 2.0pt
* \hoffset=0.0pt
* \voffset=0.0pt
* \mag=1000
* \@twocolumnfalse
* \@twosidefalse
* \@mparswitchfalse
* \@reversemarginfalse
* (1in=72.27pt=25.4mm, 1cm=28.453pt)

\c@mv@tabular=\count479
\c@mv@boldtabular=\count480
Package biblatex Info: Trying to load language 'english'...
Package biblatex Info: ... file 'english.lbx' found.
(/usr/share/texlive/texmf-dist/tex/latex/biblatex/lbx/english.lbx
File: english.lbx 2022/07/12 v3.18b biblatex localization (PK/MW)
)
Package biblatex Info: Input encoding 'utf8' detected.
Package biblatex Info: Automatic encoding selection.
(biblatex)             Assuming data encoding 'utf8'.
\openout3 = `rapport.bcf'.

Package biblatex Info: Trying to load bibliographic data...
Package biblatex Info: ... file 'rapport.bbl' found.
 (./rapport.bbl)
Package biblatex Info: Reference section=0 on input line 65.
Package biblatex Info: Reference segment=0 on input line 65.
\c@lstlisting=\count481
Package caption Info: Begin \AtBeginDocument code.
Package caption Info: subfig package v1.3 is loaded.
Package caption Info: hyperref package is loaded.
Package caption Info: End \AtBeginDocument code.
Package hyperref Info: Link coloring ON on input line 65.
 (./rapport.out) (./rapport.out)
\@outlinefile=\write5
\openout5 = `rapport.out'.

<Figures/ImageTitle.png, id=31, 597.432pt x 127.9179pt>
File: Figures/ImageTitle.png Graphic file (type png)
<use Figures/ImageTitle.png>
Package pdftex.def Info: Figures/ImageTitle.png  used on input line 68.
(pdftex.def)             Requested size: 512.1496pt x 109.6676pt.

Overfull \hbox (56.90549pt too wide) in paragraph at lines 68--68
[][]  
 []

LaTeX Font Info:    Font shape `T1/XCharter-TLF/m/n' will be
(Font)              scaled to size 23.88496pt on input line 68.
LaTeX Font Info:    Font shape `T1/XCharter-TLF/m/n' will be
(Font)              scaled to size 13.82408pt on input line 68.
LaTeX Font Info:    Font shape `T1/XCharter-TLF/m/sc' will be
(Font)              scaled to size 13.82408pt on input line 68.
<Figures//EMbeddedLinuxLogo.png, id=33, 385.44pt x 182.1204pt>
File: Figures//EMbeddedLinuxLogo.png Graphic file (type png)
<use Figures//EMbeddedLinuxLogo.png>
Package pdftex.def Info: Figures//EMbeddedLinuxLogo.png  used on input line 71.
(pdftex.def)             Requested size: 159.33821pt x 75.28676pt.
[1

{/var/lib/texmf/fonts/map/pdftex/updmap/pdftex.map} <./Figures/ImageTitle.png> <./Figures//EMbeddedLinuxLogo.png>]
LaTeX Font Info:    Font shape `T1/XCharter-TLF/b/n' will be
(Font)              scaled to size 13.82408pt on input line 81.
 (./rapport.toc
LaTeX Font Info:    Font shape `T1/XCharter-TLF/b/n' will be
(Font)              scaled to size 9.60007pt on input line 1.
LaTeX Font Info:    Trying to load font information for OT1+XCharter-TLF on input line 3.
 (/usr/share/texlive/texmf-dist/tex/latex/xcharter/OT1XCharter-TLF.fd
File: OT1XCharter-TLF.fd 2017/06/25 (autoinst) Font definitions for OT1/XCharter-TLF.
)
LaTeX Font Info:    Font shape `OT1/XCharter-TLF/m/n' will be
(Font)              scaled to size 9.60007pt on input line 3.
LaTeX Font Info:    Font shape `OT1/XCharter-TLF/m/n' will be
(Font)              scaled to size 7.00804pt on input line 3.
LaTeX Font Info:    Font shape `OT1/XCharter-TLF/m/n' will be
(Font)              scaled to size 5.28003pt on input line 3.
LaTeX Font Info:    Trying to load font information for U+ntxmia on input line 3.
 (/usr/share/texlive/texmf-dist/tex/latex/newtx/untxmia.fd
File: untxmia.fd 2018/04/14 Fontinst v1.933 font definitions for U/ntxmia.
)
LaTeX Font Info:    Trying to load font information for U+ntxsym on input line 3.
 (/usr/share/texlive/texmf-dist/tex/latex/newtx/untxsym.fd
File: untxsym.fd 2015/03/20 Fontinst v1.933 font definitions for U/ntxsym.
)
LaTeX Font Info:    Trying to load font information for U+ntxsyc on input line 3.
 (/usr/share/texlive/texmf-dist/tex/latex/newtx/untxsyc.fd
File: untxsyc.fd 2012/04/12 Fontinst v1.933 font definitions for U/ntxsyc.
))
\tf@toc=\write6
\openout6 = `rapport.toc'.

 [2]
Underfull \hbox (badness 10000) in paragraph at lines 86--88

 []

(/usr/share/texlive/texmf-dist/tex/latex/listings/lstlang1.sty
File: lstlang1.sty 2020/03/24 1.8d listings language file
) (/usr/share/texlive/texmf-dist/tex/latex/listings/lstmisc.sty
File: lstmisc.sty 2020/03/24 1.8d (Carsten Heinz)
)
Package hyperref Info: bookmark level for unknown lstlisting defaults to 0 on input line 89.
LaTeX Font Info:    Font shape `T1/XCharter-TLF/m/n' will be
(Font)              scaled to size 7.68005pt on input line 89.
LaTeX Font Info:    Font shape `T1/XCharter-TLF/m/n' will be
(Font)              scaled to size 4.80003pt on input line 90.
LaTeX Font Info:    Trying to load font information for TS1+XCharter-TLF on input line 90.
 (/usr/share/texlive/texmf-dist/tex/latex/xcharter/TS1XCharter-TLF.fd
File: TS1XCharter-TLF.fd 2020/05/25 (msharpe) Font definitions for TS1/XCharter-TLF.
)
LaTeX Font Info:    Font shape `TS1/XCharter-TLF/m/n' will be
(Font)              scaled to size 7.68005pt on input line 90.
LaTeX Font Info:    Font shape `T1/XCharter-TLF/m/n' will be
(Font)              scaled to size 7.00804pt on input line 131.
LaTeX Font Info:    Font shape `OT1/XCharter-TLF/m/n' will be
(Font)              scaled to size 7.68005pt on input line 131.
LaTeX Font Info:    Font shape `OT1/XCharter-TLF/m/n' will be
(Font)              scaled to size 5.95203pt on input line 131.
LaTeX Font Info:    Font shape `T1/XCharter-TLF/m/n' will be
(Font)              scaled to size 5.95203pt on input line 131.
LaTeX Font Info:    Font shape `T1/XCharter-TLF/m/n' will be
(Font)              scaled to size 5.28003pt on input line 132.
 [3]
Overfull \hbox (0.88177pt too wide) in paragraph at lines 159--160
\T1/XCharter-TLF/m/n/10 plexer la surveil-lance de nos de-scrip-teurs de fichier. Nous y ajou-tons nos de-scrip-teurs de fichier avec l'vnement
 []

[4] [5]
LaTeX Font Info:    Font shape `T1/XCharter-TLF/m/n' will be
(Font)              scaled to size 11.52008pt on input line 263.
LaTeX Font Info:    Font shape `T1/XCharter-TLF/b/n' will be
(Font)              scaled to size 11.52008pt on input line 263.

Underfull \hbox (badness 10000) in paragraph at lines 264--268

 []


Underfull \hbox (badness 10000) in paragraph at lines 317--322

 []

[6]
Underfull \hbox (badness 10000) in paragraph at lines 337--384

 []


Underfull \hbox (badness 10000) in paragraph at lines 386--390

 []

[7]
Underfull \hbox (badness 10000) in paragraph at lines 397--400

 []


Underfull \hbox (badness 10000) in paragraph at lines 422--426
\T1/XCharter-TLF/m/n/10 m-moire.
 []

(/usr/share/texlive/texmf-dist/tex/latex/listings/lstlang1.sty
File: lstlang1.sty 2020/03/24 1.8d listings language file
) (/usr/share/texlive/texmf-dist/tex/latex/listings/lstlang1.sty
File: lstlang1.sty 2020/03/24 1.8d listings language file
)
LaTeX Font Info:    Trying to load font information for T1+cmtt on input line 427.
 (/usr/share/texlive/texmf-dist/tex/latex/base/t1cmtt.fd
File: t1cmtt.fd 2022/07/10 v2.5l Standard LaTeX font definitions
)
<Figures//runEx2.png, id=324, 705.63625pt x 669.50125pt>
File: Figures//runEx2.png Graphic file (type png)
<use Figures//runEx2.png>
Package pdftex.def Info: Figures//runEx2.png  used on input line 443.
(pdftex.def)             Requested size: 182.09486pt x 172.76881pt.
 [8 <./Figures//runEx2.png>] [9]
Underfull \hbox (badness 10000) in paragraph at lines 548--549

 []

<Figures//MPEx3Low.png, id=408, 799.98875pt x 487.8225pt>
File: Figures//MPEx3Low.png Graphic file (type png)
<use Figures//MPEx3Low.png>
Package pdftex.def Info: Figures//MPEx3Low.png  used on input line 560.
(pdftex.def)             Requested size: 318.66948pt x 194.32162pt.
<Figures//MPEx3HighLow.png, id=409, 799.98875pt x 487.8225pt>
File: Figures//MPEx3HighLow.png Graphic file (type png)
<use Figures//MPEx3HighLow.png>
Package pdftex.def Info: Figures//MPEx3HighLow.png  used on input line 567.
(pdftex.def)             Requested size: 318.66948pt x 194.32162pt.
[10 <./Figures//MPEx3Low.png>]
<Figures//MPEx3HighLow4CPU.png, id=434, 799.98875pt x 487.8225pt>
File: Figures//MPEx3HighLow4CPU.png Graphic file (type png)
<use Figures//MPEx3HighLow4CPU.png>
Package pdftex.def Info: Figures//MPEx3HighLow4CPU.png  used on input line 582.
(pdftex.def)             Requested size: 318.66948pt x 194.32162pt.
 [11 <./Figures//MPEx3HighLow.png> <./Figures//MPEx3HighLow4CPU.png>]
Underfull \hbox (badness 10000) in paragraph at lines 588--589

 []

<Figures//runEx3Share.png, id=449, 799.98875pt x 487.8225pt>
File: Figures//runEx3Share.png Graphic file (type png)
<use Figures//runEx3Share.png>
Package pdftex.def Info: Figures//runEx3Share.png  used on input line 606.
(pdftex.def)             Requested size: 318.66948pt x 194.32162pt.

Underfull \hbox (badness 10000) in paragraph at lines 617--618

 []

[12 <./Figures//runEx3Share.png>]
<Figures//perfEx1.png, id=475, 818.05624pt x 502.87875pt>
File: Figures//perfEx1.png Graphic file (type png)
<use Figures//perfEx1.png>
Package pdftex.def Info: Figures//perfEx1.png  used on input line 636.
(pdftex.def)             Requested size: 318.66948pt x 195.89172pt.
 [13 <./Figures//perfEx1.png>]
<Figures//perfEx1Cache.png, id=513, 818.05624pt x 379.4175pt>
File: Figures//perfEx1Cache.png Graphic file (type png)
<use Figures//perfEx1Cache.png>
Package pdftex.def Info: Figures//perfEx1Cache.png  used on input line 685.
(pdftex.def)             Requested size: 318.66948pt x 147.79854pt.
<Figures//perfEx1CacheOpti.png, id=514, 819.06pt x 377.41pt>
File: Figures//perfEx1CacheOpti.png Graphic file (type png)
<use Figures//perfEx1CacheOpti.png>
Package pdftex.def Info: Figures//perfEx1CacheOpti.png  used on input line 696.
(pdftex.def)             Requested size: 318.66948pt x 146.83801pt.
 [14 <./Figures//perfEx1Cache.png> <./Figures//perfEx1CacheOpti.png>]
Underfull \hbox (badness 10000) in paragraph at lines 767--768

 []


Underfull \hbox (badness 10000) in paragraph at lines 769--773

 []

[15]
Underfull \hbox (badness 10000) in paragraph at lines 795--796

 []


Underfull \hbox (badness 10000) in paragraph at lines 810--814

 []


LaTeX Warning: Empty bibliography on input line 826.

[16] (./rapport.aux)
Package rerunfilecheck Info: File `rapport.out' has not changed.
(rerunfilecheck)             Checksum: 6E7D49235290908F20A462C4F5D65180;1337.
Package logreq Info: Writing requests to 'rapport.run.xml'.
\openout1 = `rapport.run.xml'.

 ) 
Here is how much of TeX's memory you used:
 32248 strings out of 476091
 606742 string characters out of 5794082
 2158330 words of memory out of 5000000
 51740 multiletter control sequences out of 15000+600000
 624188 words of font info for 104 fonts, out of 8000000 for 9000
 1141 hyphenation exceptions out of 8191
 109i,12n,147p,782b,2544s stack positions out of 10000i,1000n,20000p,200000b,200000s
{/usr/share/texmf/fonts/enc/dvips/cm-super/cm-super-t1.enc}{/usr/share/texlive/texmf-dist/fonts/enc/dvips/xcharter/xch1_co4ru4.enc}{/usr/share/texlive/texmf-dist/fonts/enc/dvips/xcharter/xch_rydp4l.enc}{/usr/share/texlive/texmf-dist/fonts/enc/dvips/xcharter/xch_yelf2i.enc}</usr/share/texlive/texmf-dist/fonts/type1/public/xcharter/XCharter-Bold.pfb></usr/share/texlive/texmf-dist/fonts/type1/public/xcharter/XCharter-Roman.pfb></usr/share/texlive/texmf-dist/fonts/type1/public/xcharter/XCharterMathMI.pfb></usr/share/texmf/fonts/type1/public/cm-super/sftt1000.pfb></usr/share/texlive/texmf-dist/fonts/type1/public/newtx/txsys.pfb>
Output written on rapport.pdf (16 pages, 1242738 bytes).
PDF statistics:
 696 PDF objects out of 1000 (max. 8388607)
 639 compressed objects within 7 object streams
 445 named destinations out of 1000 (max. 500000)
 111 words of extra memory for PDF output out of 10000 (max. 10000000)

